[INFO ] [2021-07-28 22:57:42,770] Register - Step 01: Open Home Page
[INFO ] [2021-07-28 22:57:42,773] Register - Step 02: Verify Register link displayed
[INFO ] [2021-07-28 22:57:42,909] Register - Step 03: Verify Login link displayed
[INFO ] [2021-07-28 22:57:43,015] Register - Step 04: Click to Register link at HomePage
[INFO ] [2021-07-28 22:57:44,415] Register - Step 05:Click to gender male button
[INFO ] [2021-07-28 22:57:44,705] Register - Step 06:input value to firstname with valueTran
[INFO ] [2021-07-28 22:57:44,817] Register - Step 07:input value to lastName with valueTuyen
[INFO ] [2021-07-28 22:57:44,925] Register - Step 08:select day dropdown
[INFO ] [2021-07-28 22:57:45,252] Register - Step 09:select month dropdown
[INFO ] [2021-07-28 22:57:45,579] Register - Step 10:select year dropdown
[INFO ] [2021-07-28 22:57:45,907] Register - Step 11: input email
[INFO ] [2021-07-28 22:57:46,001] Register - Step 12:input company
[INFO ] [2021-07-28 22:57:46,106] Register - Step 13:input password textbox with value
[INFO ] [2021-07-28 22:57:46,271] Register - Step 14:Click to register button at register page
[INFO ] [2021-07-28 22:57:47,666] Register - Step 15: Verify success mesage displayed
[INFO ] [2021-07-28 22:57:47,735] Register - Step 16: CLick to logout link
[INFO ] [2021-07-28 22:57:49,440] Register - Step 01: CLick to login link
[INFO ] [2021-07-28 22:57:50,558] Register - Step 02: input email
[INFO ] [2021-07-28 22:57:50,668] Register - Step 03: input password
[INFO ] [2021-07-28 22:57:50,758] Register - Step 04: click login button
[INFO ] [2021-07-28 22:57:52,135] Register - Step 05: Verify My Account link displayed
[INFO ] [2021-07-28 22:57:52,214] Register - Step 06: Verify My Logout link displayed
[INFO ] [2021-07-28 22:57:52,273] Register - Step 07: Verify Register link undisplayed
[INFO ] [2021-07-28 22:58:02,372] Register - Step 08: Verify Login link undisplayed
[INFO ] [2022-05-22 16:33:05,706] Register - Step 01: Navigate to 'Register' page
[INFO ] [2022-05-22 16:33:06,475] Register - Step 02: Enter to Firstname textbox with value is 'Tran'
[INFO ] [2022-05-22 16:33:06,623] Register - Step 03: Enter to Lastname textbox with value is 'Tuyen'
[INFO ] [2022-05-22 16:33:06,747] Register - Step 04: Enter to Email textbox with value is 'tuyen67568@mail.vn'
[INFO ] [2022-05-22 16:33:06,875] Register - Step 05: Enter to Password textbox with value is '123456'
[INFO ] [2022-05-22 16:33:07,002] Register - Step 06: Enter to Confirm Password textbox with value is '123456'
[INFO ] [2022-05-22 16:33:07,138] Register - Step 07: Click to 'Register' button
[INFO ] [2022-05-22 16:33:08,088] Register - Step 08: Verify register success messge is displayed
[INFO ] [2022-05-22 16:33:08,155] Register - Step 09: Click to Logout link
[INFO ] [2022-05-22 16:34:03,428] Register - Step 01: Navigate to 'Register' page
[INFO ] [2022-05-22 16:34:04,099] Register - Step 02: Enter to Firstname textbox with value is 'Tran'
[INFO ] [2022-05-22 16:34:04,243] Register - Step 03: Enter to Lastname textbox with value is 'Tuyen'
[INFO ] [2022-05-22 16:34:04,392] Register - Step 04: Enter to Email textbox with value is 'tuyen31372@mail.vn'
[INFO ] [2022-05-22 16:34:04,537] Register - Step 05: Enter to Password textbox with value is '123456'
[INFO ] [2022-05-22 16:34:04,676] Register - Step 06: Enter to Confirm Password textbox with value is '123456'
[INFO ] [2022-05-22 16:34:04,841] Register - Step 07: Click to 'Register' button
[INFO ] [2022-05-22 16:34:06,014] Register - Step 08: Verify register success messge is displayed
[INFO ] [2022-05-22 16:34:06,092] Register - Step 09: Click to Logout link
[INFO ] [2022-05-22 16:34:07,038] Login - Step 01: Navigate to Login page
[INFO ] [2022-05-22 16:34:07,769] Login - Step 02: Enter to Email textbox with value is 'tuyen31372@mail.vn'
[INFO ] [2022-05-22 16:34:07,906] Login - Step 03: Enter to Password textbox with value is '123456'
[INFO ] [2022-05-22 16:34:08,031] Login - Step 04: Click to 'Register' button
[INFO ] [2022-05-22 16:34:08,839] Login - Step 05: Verify 'My account' link is displayed
[INFO ] [2022-05-22 16:34:08,913] Login - Step 06: Navigate to 'My account' page
[INFO ] [2022-05-22 16:34:09,604] Login - Step 07: Verify 'Customer Infor' page is displayed
[2022-05-22 16:46:06,103] Register - Step 01: Navigate to 'Register' page
[2022-05-22 16:46:07,647] Register - Step 02: Enter to Firstname textbox with value is 'Tran'
[2022-05-22 16:46:07,768] Register - Step 03: Enter to Lastname textbox with value is 'Tuyen'
[2022-05-22 16:46:07,893] Register - Step 04: Enter to Email textbox with value is 'tuyen99233@mail.vn'
[2022-05-22 16:46:08,020] Register - Step 05: Enter to Password textbox with value is '123456'
[2022-05-22 16:46:08,145] Register - Step 06: Enter to Confirm Password textbox with value is '123456'
[2022-05-22 16:46:08,278] Register - Step 07: Click to 'Register' button
[2022-05-22 16:46:09,653] Register - Step 08: Verify register success messge is displayed
[2022-05-22 16:46:09,741] Register - Step 09: Click to Logout link
[2022-05-22 16:46:10,693] Login - Step 01: Navigate to Login page
[2022-05-22 16:46:11,480] Login - Step 02: Enter to Email textbox with value is 'tuyen99233@mail.vn'
[2022-05-22 16:46:11,603] Login - Step 03: Enter to Password textbox with value is '123456'
[2022-05-22 16:46:11,729] Login - Step 04: Click to 'Register' button
[2022-05-22 16:46:12,553] Login - Step 05: Verify 'My account' link is displayed
[2022-05-22 16:46:12,615]  -------------------------- PASSED -------------------------- 
[2022-05-22 16:46:12,615] Login - Step 06: Navigate to 'My account' page
[2022-05-22 16:46:13,378] Login - Step 07: Verify 'Customer Infor' page is displayed
[2022-05-22 16:46:13,450]  -------------------------- PASSED -------------------------- 
[2022-05-22 21:37:08,179] Register - Step 01: Navigate to 'Register' page
[2022-05-22 21:37:08,833] Register - Step 02: Enter to Firstname textbox with value is 'Tran'
[2022-05-22 21:37:08,996] Register - Step 03: Enter to Lastname textbox with value is 'Tuyen'
[2022-05-22 21:37:09,144] Register - Step 04: Enter to Email textbox with value is 'tuyen33244@mail.vn'
[2022-05-22 21:37:09,274] Register - Step 05: Enter to Password textbox with value is '123456'
[2022-05-22 21:37:09,410] Register - Step 06: Enter to Confirm Password textbox with value is '123456'
[2022-05-22 21:37:09,543] Register - Step 07: Click to 'Register' button
[2022-05-22 21:37:10,535] Register - Step 08: Verify register success messge is displayed
[2022-05-22 21:37:10,633] Register - Step 09: Click to Logout link
[2022-05-22 21:37:11,563] Login - Step 01: Navigate to Login page
[2022-05-22 21:37:12,133] Login - Step 02: Enter to Email textbox with value is 'tuyen33244@mail.vn'
[2022-05-22 21:37:12,264] Login - Step 03: Enter to Password textbox with value is '123456'
[2022-05-22 21:37:12,387] Login - Step 04: Click to 'Register' button
[2022-05-22 21:37:13,200] Login - Step 05: Verify 'My account' link is displayed
[2022-05-22 21:37:13,260]  -------------------------- PASSED -------------------------- 
[2022-05-22 21:37:13,260] Login - Step 06: Navigate to 'My account' page
[2022-05-22 21:37:13,823] Login - Step 07: Verify 'Customer Infor' page is displayed
[2022-05-22 21:37:13,879]  -------------------------- PASSED -------------------------- 
[2022-05-22 21:40:55,053] Register - Step 01: Navigate to 'Register' page
[2022-05-22 21:40:55,702] Register - Step 02: Enter to Firstname textbox with value is 'Tran'
[2022-05-22 21:40:55,844] Register - Step 03: Enter to Lastname textbox with value is 'Tuyen'
[2022-05-22 21:40:55,966] Register - Step 04: Enter to Email textbox with value is 'tuyen80574@mail.vn'
[2022-05-22 21:40:56,113] Register - Step 05: Enter to Password textbox with value is '123456'
[2022-05-22 21:40:56,256] Register - Step 06: Enter to Confirm Password textbox with value is '123456'
[2022-05-22 21:40:56,404] Register - Step 07: Click to 'Register' button
[2022-05-22 21:40:57,271] Register - Step 08: Verify register success messge is displayed
[2022-05-22 21:40:57,323] Register - Step 09: Click to Logout link
[2022-05-22 21:40:58,225] Login - Step 01: Navigate to Login page
[2022-05-22 21:40:58,774] Login - Step 02: Enter to Email textbox with value is 'tuyen80574@mail.vn'
[2022-05-22 21:40:58,887] Login - Step 03: Enter to Password textbox with value is '123456'
[2022-05-22 21:40:59,014] Login - Step 04: Click to 'Register' button
[2022-05-22 21:40:59,785] Login - Step 05: Verify 'My account' link is displayed
[2022-05-22 21:40:59,844]  -------------------------- PASSED -------------------------- 
[2022-05-22 21:40:59,844] Login - Step 06: Navigate to 'My account' page
[2022-05-22 21:41:00,386] Login - Step 07: Verify 'Customer Infor' page is displayed
[2022-05-22 21:41:00,449]  -------------------------- PASSED -------------------------- 
[2022-05-22 21:50:48,572] Register - Step 01: Navigate to 'Register' page
[2022-05-22 21:50:49,192] Register - Step 02: Enter to Firstname textbox with value is 'Tran'
[2022-05-22 21:50:49,325] Register - Step 03: Enter to Lastname textbox with value is 'Tuyen'
[2022-05-22 21:50:49,445] Register - Step 04: Enter to Email textbox with value is 'tuyen94259@mail.vn'
[2022-05-22 21:50:49,578] Register - Step 05: Enter to Password textbox with value is '123456'
[2022-05-22 21:50:49,698] Register - Step 06: Enter to Confirm Password textbox with value is '123456'
[2022-05-22 21:50:49,819] Register - Step 07: Click to 'Register' button
[2022-05-22 21:50:50,707] Register - Step 08: Verify register success messge is displayed
[2022-05-22 21:50:50,764] Register - Step 09: Click to Logout link
[2022-05-22 21:50:51,589] Login - Step 01: Navigate to Login page
[2022-05-22 21:50:52,158] Login - Step 02: Enter to Email textbox with value is 'tuyen94259@mail.vn'
[2022-05-22 21:50:52,278] Login - Step 03: Enter to Password textbox with value is '123456'
[2022-05-22 21:50:52,407] Login - Step 04: Click to 'Register' button
[2022-05-22 21:50:53,251] Login - Step 05: Verify 'My account' link is displayed
[2022-05-22 21:50:53,320]  -------------------------- PASSED -------------------------- 
[2022-05-22 21:50:53,320] Login - Step 06: Navigate to 'My account' page
[2022-05-22 21:50:53,953] Login - Step 07: Verify 'Customer Infor' page is displayed
[2022-05-22 21:50:54,017]  -------------------------- PASSED -------------------------- 
[2022-05-22 23:07:17,961] Register - Step 01: Navigate to 'Register' page
[2022-05-22 23:07:18,567] Register - Step 02: Enter to Firstname textbox with value is 'Tran'
[2022-05-22 23:07:18,717] Register - Step 03: Enter to Lastname textbox with value is 'Tuyen'
[2022-05-22 23:07:18,853] Register - Step 04: Enter to Email textbox with value is 'tuyen46994@mail.vn'
[2022-05-22 23:07:18,980] Register - Step 05: Enter to Password textbox with value is '123456'
[2022-05-22 23:07:19,104] Register - Step 06: Enter to Confirm Password textbox with value is '123456'
[2022-05-22 23:07:19,223] Register - Step 07: Click to 'Register' button
[2022-05-22 23:07:20,366] Register - Step 08: Verify register success messge is displayed
[2022-05-22 23:07:20,439] Register - Step 09: Click to Logout link
[2022-05-22 23:07:21,318] Login - Step 01: Navigate to Login page
[2022-05-22 23:07:21,857] Login - Step 02: Enter to Email textbox with value is 'tuyen46994@mail.vn'
[2022-05-22 23:07:21,975] Login - Step 03: Enter to Password textbox with value is '123456'
[2022-05-22 23:07:22,101] Login - Step 04: Click to 'Register' button
[2022-05-22 23:07:22,875] Login - Step 05: Verify 'My account' link is displayed
[2022-05-22 23:07:22,941]  -------------------------- FAILED -------------------------- 
[2022-05-22 23:07:22,941] Login - Step 06: Navigate to 'My account' page
[2022-05-22 23:07:23,715] Login - Step 07: Verify 'Customer Infor' page is displayed
[2022-05-22 23:07:23,791]  -------------------------- FAILED -------------------------- 
[2022-05-22 23:13:48,968] Register - Step 01: Navigate to 'Register' page
[2022-05-22 23:13:49,632] Register - Step 02: Enter to Firstname textbox with value is 'Tran'
[2022-05-22 23:13:49,797] Register - Step 03: Enter to Lastname textbox with value is 'Tuyen'
[2022-05-22 23:13:49,916] Register - Step 04: Enter to Email textbox with value is 'tuyen38565@mail.vn'
[2022-05-22 23:13:50,044] Register - Step 05: Enter to Password textbox with value is '123456'
[2022-05-22 23:13:50,163] Register - Step 06: Enter to Confirm Password textbox with value is '123456'
[2022-05-22 23:13:50,288] Register - Step 07: Click to 'Register' button
[2022-05-22 23:13:51,188] Register - Step 08: Verify register success messge is displayed
[2022-05-22 23:13:51,553] Login - Step 01: Navigate to Login page
[2022-05-22 23:21:47,318] Register - Step 01: Navigate to 'Register' page
[2022-05-22 23:21:47,970] Register - Step 02: Enter to Firstname textbox with value is 'Tran'
[2022-05-22 23:21:48,138] Register - Step 03: Enter to Lastname textbox with value is 'Tuyen'
[2022-05-22 23:21:48,289] Register - Step 04: Enter to Email textbox with value is 'tuyen4164@mail.vn'
[2022-05-22 23:21:48,412] Register - Step 05: Enter to Password textbox with value is '123456'
[2022-05-22 23:21:48,532] Register - Step 06: Enter to Confirm Password textbox with value is '123456'
[2022-05-22 23:21:48,674] Register - Step 07: Click to 'Register' button
[2022-05-22 23:21:49,681] Register - Step 08: Verify register success messge is displayed
[2022-05-22 23:21:49,999] Login - Step 01: Navigate to Login page
[2022-05-22 23:39:42,205] Register - Step 01: Navigate to 'Register' page
[2022-05-22 23:39:43,063] Register - Step 02: Enter to Firstname textbox with value is 'Tran'
[2022-05-22 23:39:43,211] Register - Step 03: Enter to Lastname textbox with value is 'Tuyen'
[2022-05-22 23:39:43,334] Register - Step 04: Enter to Email textbox with value is 'tuyen22406@mail.vn'
[2022-05-22 23:39:43,466] Register - Step 05: Enter to Password textbox with value is '123456'
[2022-05-22 23:39:43,594] Register - Step 06: Enter to Confirm Password textbox with value is '123456'
[2022-05-22 23:39:43,719] Register - Step 07: Click to 'Register' button
[2022-05-22 23:39:44,702] Register - Step 08: Verify register success messge is displayed
[2022-05-22 23:39:44,888] Login - Step 01: Navigate to Login page
[2022-05-22 23:39:46,292] Login - Step 02: Enter to Email textbox with value is 'tuyen22406@mail.vn'
[2022-05-22 23:39:46,410] Login - Step 03: Enter to Password textbox with value is '123456'
[2022-05-22 23:39:46,534] Login - Step 04: Click to 'Register' button
[2022-05-22 23:39:47,389] Login - Step 05: Verify 'My account' link is displayed
[2022-05-30 01:16:20,926] Login - Step 01: Navigate to Login page
[2022-05-30 01:16:21,520] Login - Step 02: Enter to Email textbox with value is 'tuyen94518@mail.vn'
[2022-05-30 01:16:21,646] Login - Step 03: Enter to Password textbox with value is '123456'
[2022-05-30 01:16:21,771] Login - Step 04: Click to 'Register' button
[2022-05-30 02:41:35,010] Pre-Condition - Step 01: Navigate to Login page
[2022-05-30 02:41:35,570] Pre-Condition - Step 02: Set cookie and reload page
[2022-05-30 02:41:38,650] Pre-Condition - Step 03: Verify 'My account' link is displayed
[2022-05-30 02:41:39,121]  -------------------------- PASSED -------------------------- 
[2022-06-01 01:10:47,494] Register - Step 01: Navigate to 'Register' page
[2022-06-01 01:10:48,155] Register - Step 02: Enter to Firstname textbox with value is 'Tran'
[2022-06-01 01:10:48,304] Register - Step 03: Enter to Lastname textbox with value is 'Tuyen'
[2022-06-01 01:10:48,453] Register - Step 04: Enter to Email textbox with value is 'tuyen66075@mail.vn'
[2022-06-01 01:10:48,583] Register - Step 05: Enter to Password textbox with value is '123456'
[2022-06-01 01:10:48,731] Register - Step 06: Enter to Confirm Password textbox with value is '123456'
[2022-06-01 01:10:48,851] Register - Step 07: Click to 'Register' button
[2022-06-01 01:10:49,756] Register - Step 08: Verify register success messge is displayed
[2022-06-01 01:10:49,835] Register - Step 09: Click to Logout link
[2022-06-01 01:10:50,603] Login - Step 01: Navigate to Login page
[2022-06-01 01:10:51,334] Login - Step 02: Enter to Email textbox with value is 'tuyen66075@mail.vn'
[2022-06-01 01:10:51,463] Login - Step 03: Enter to Password textbox with value is '123456'
[2022-06-01 01:10:51,589] Login - Step 04: Click to 'Register' button
[2022-06-01 01:10:52,384] Login - Step 05: Verify 'My account' link is displayed
[2022-06-01 01:10:52,445]  -------------------------- FAILED -------------------------- 
[2022-06-01 01:10:52,448] Login - Step 06: Navigate to 'My account' page
[2022-06-01 01:10:53,023] Login - Step 07: Verify 'Customer Infor' page is displayed
[2022-06-01 01:10:53,132]  -------------------------- FAILED -------------------------- 
[2022-06-01 01:11:58,989] Register - Step 01: Navigate to 'Register' page
[2022-06-01 01:12:00,095] Register - Step 02: Enter to Firstname textbox with value is 'Tran'
[2022-06-01 01:12:00,244] Register - Step 03: Enter to Lastname textbox with value is 'Tuyen'
[2022-06-01 01:12:00,371] Register - Step 04: Enter to Email textbox with value is 'tuyen55787@mail.vn'
[2022-06-01 01:12:00,493] Register - Step 05: Enter to Password textbox with value is '123456'
[2022-06-01 01:12:00,637] Register - Step 06: Enter to Confirm Password textbox with value is '123456'
[2022-06-01 01:12:00,757] Register - Step 07: Click to 'Register' button
[2022-06-01 01:12:01,715] Register - Step 08: Verify register success messge is displayed
[2022-06-01 01:12:01,797] Register - Step 09: Click to Logout link
[2022-06-01 01:12:02,568] Login - Step 01: Navigate to Login page
[2022-06-01 01:12:03,463] Login - Step 02: Enter to Email textbox with value is 'tuyen55787@mail.vn'
[2022-06-01 01:12:03,582] Login - Step 03: Enter to Password textbox with value is '123456'
[2022-06-01 01:12:03,709] Login - Step 04: Click to 'Register' button
[2022-06-01 01:12:04,479] Login - Step 05: Verify 'My account' link is displayed
[2022-06-01 01:13:25,432] Register - Step 01: Navigate to 'Register' page
[2022-06-01 01:13:26,151] Register - Step 02: Enter to Firstname textbox with value is 'Tran'
[2022-06-01 01:13:26,290] Register - Step 03: Enter to Lastname textbox with value is 'Tuyen'
[2022-06-01 01:13:26,422] Register - Step 04: Enter to Email textbox with value is 'tuyen40809@mail.vn'
[2022-06-01 01:13:26,566] Register - Step 05: Enter to Password textbox with value is '123456'
[2022-06-01 01:13:26,693] Register - Step 06: Enter to Confirm Password textbox with value is '123456'
[2022-06-01 01:13:26,831] Register - Step 07: Click to 'Register' button
[2022-06-01 01:13:27,808] Register - Step 08: Verify register success messge is displayed
[2022-06-01 01:13:27,908] Register - Step 09: Click to Logout link
[2022-06-01 01:13:28,633] Login - Step 01: Navigate to Login page
[2022-06-01 01:13:29,281] Login - Step 02: Enter to Email textbox with value is 'tuyen40809@mail.vn'
[2022-06-01 01:13:29,405] Login - Step 03: Enter to Password textbox with value is '123456'
[2022-06-01 01:13:29,522] Login - Step 04: Click to 'Register' button
[2022-06-01 01:13:30,299] Login - Step 05: Verify 'My account' link is displayed
[2022-06-01 01:28:47,378] Register - Step 01: Navigate to 'Register' page
[2022-06-01 01:28:48,162] Register - Step 02: Enter to Firstname textbox with value is 'Tran'
[2022-06-01 01:28:48,301] Register - Step 03: Enter to Lastname textbox with value is 'Tuyen'
[2022-06-01 01:28:48,420] Register - Step 04: Enter to Email textbox with value is 'tuyen16283@mail.vn'
[2022-06-01 01:28:48,548] Register - Step 05: Enter to Password textbox with value is '123456'
[2022-06-01 01:28:48,671] Register - Step 06: Enter to Confirm Password textbox with value is '123456'
[2022-06-01 01:28:48,835] Register - Step 07: Click to 'Register' button
[2022-06-01 01:28:49,816] Register - Step 08: Verify register success messge is displayed
[2022-06-01 01:28:49,919] Register - Step 09: Click to Logout link
[2022-06-01 01:28:50,661] Login - Step 01: Navigate to Login page
[2022-06-01 01:28:51,300] Login - Step 02: Enter to Email textbox with value is 'tuyen16283@mail.vn'
[2022-06-01 01:28:51,433] Login - Step 03: Enter to Password textbox with value is '123456'
[2022-06-01 01:28:51,555] Login - Step 04: Click to 'Register' button
[2022-06-01 01:28:52,337] Login - Step 05: Verify 'My account' link is displayed
[2022-06-01 01:28:53,316] OS name = windows 10
[2022-06-01 01:28:53,316] Driver instance name = chromedriver: chrome on windows (null)
[2022-06-01 01:28:53,319] Session ID is null. Using WebDriver after calling quit()?
Build info: version: '3.141.59', revision: 'e82be7d358', time: '2018-11-14T08:17:03'
System info: host: 'LAP01682', ip: '192.168.10.43', os.name: 'Windows 10', os.arch: 'amd64', os.version: '10.0', java.version: '11.0.11'
Driver info: driver.version: Level_17_Custom_Close_Driver
[2022-06-01 02:13:00,872] Register - Step 01: Navigate to 'Register' page
[2022-06-01 02:13:01,543] Register - Step 02: Enter to Firstname textbox with value is 'Tran'
[2022-06-01 02:13:01,693] Register - Step 03: Enter to Lastname textbox with value is 'Tuyen'
[2022-06-01 02:13:01,821] Register - Step 04: Enter to Email textbox with value is 'tuyen19384@mail.vn'
[2022-06-01 02:13:01,946] Register - Step 05: Enter to Password textbox with value is '123456'
[2022-06-01 02:13:02,091] Register - Step 06: Enter to Confirm Password textbox with value is '123456'
[2022-06-01 02:13:02,220] Register - Step 07: Click to 'Register' button
[2022-06-01 02:13:03,223] Register - Step 08: Verify register success messge is displayed
[2022-06-01 02:13:03,306] Register - Step 09: Click to Logout link
[2022-06-01 02:13:04,105] Login - Step 01: Navigate to Login page
[2022-06-01 02:13:04,657] Login - Step 02: Enter to Email textbox with value is 'tuyen19384@mail.vn'
[2022-06-01 02:13:04,806] Login - Step 03: Enter to Password textbox with value is '123456'
[2022-06-01 02:13:04,928] Login - Step 04: Click to 'Register' button
[2022-06-01 02:13:05,905] OS name = windows 10
[2022-06-01 02:13:05,906] Driver instance name = chromedriver: chrome on windows (null)
[2022-06-01 02:13:05,907] Session ID is null. Using WebDriver after calling quit()?
Build info: version: '3.141.59', revision: 'e82be7d358', time: '2018-11-14T08:17:03'
System info: host: 'LAP01682', ip: '192.168.10.43', os.name: 'Windows 10', os.arch: 'amd64', os.version: '10.0', java.version: '11.0.11'
Driver info: driver.version: Level_17_Custom_Close_Driver
[2022-06-01 02:13:57,994] Register - Step 01: Navigate to 'Register' page
[2022-06-01 02:13:58,712] Register - Step 02: Enter to Firstname textbox with value is 'Tran'
[2022-06-01 02:13:58,868] Register - Step 03: Enter to Lastname textbox with value is 'Tuyen'
[2022-06-01 02:13:58,993] Register - Step 04: Enter to Email textbox with value is 'tuyen2104@mail.vn'
[2022-06-01 02:13:59,120] Register - Step 05: Enter to Password textbox with value is '123456'
[2022-06-01 02:13:59,241] Register - Step 06: Enter to Confirm Password textbox with value is '123456'
[2022-06-01 02:13:59,365] Register - Step 07: Click to 'Register' button
[2022-06-01 02:14:00,222] Register - Step 08: Verify register success messge is displayed
[2022-06-01 02:14:00,294] Register - Step 09: Click to Logout link
[2022-06-01 02:14:01,023] Login - Step 01: Navigate to Login page
[2022-06-01 02:14:01,641] Login - Step 02: Enter to Email textbox with value is 'tuyen2104@mail.vn'
[2022-06-01 02:14:01,759] Login - Step 03: Enter to Password textbox with value is '123456'
[2022-06-01 02:14:01,878] Login - Step 04: Click to 'Register' button
[2022-06-01 02:14:02,614] Login - Step 05: Verify 'My account' link is displayed
[2022-06-01 02:14:35,434] Register - Step 01: Navigate to 'Register' page
[2022-06-01 02:14:36,139] Register - Step 02: Enter to Firstname textbox with value is 'Tran'
[2022-06-01 02:14:36,289] Register - Step 03: Enter to Lastname textbox with value is 'Tuyen'
[2022-06-01 02:14:36,418] Register - Step 04: Enter to Email textbox with value is 'tuyen57866@mail.vn'
[2022-06-01 02:14:36,542] Register - Step 05: Enter to Password textbox with value is '123456'
[2022-06-01 02:14:36,658] Register - Step 06: Enter to Confirm Password textbox with value is '123456'
[2022-06-01 02:14:36,788] Register - Step 07: Click to 'Register' button
[2022-06-01 02:14:37,718] Register - Step 08: Verify register success messge is displayed
[2022-06-01 02:14:37,802] Register - Step 09: Click to Logout link
[2022-06-01 02:14:38,539] Login - Step 01: Navigate to Login page
[2022-06-01 02:14:38,876] Login - Step 02: Enter to Email textbox with value is 'tuyen57866@mail.vn'
[2022-06-02 23:55:39,534] Register - Step 01: Navigate to 'Register' page
[2022-06-02 23:55:40,186] Register - Step 02: Enter to Firstname textbox with value is 'Tran'
[2022-06-02 23:55:40,336] Register - Step 03: Enter to Lastname textbox with value is 'Tuyen'
[2022-06-02 23:55:40,453] Register - Step 04: Enter to Email textbox with value is 'tuyen23655@mail.vn'
[2022-06-02 23:55:40,570] Register - Step 05: Enter to Password textbox with value is '123456'
[2022-06-02 23:55:40,685] Register - Step 06: Enter to Confirm Password textbox with value is '123456'
[2022-06-02 23:55:40,799] Register - Step 07: Click to 'Register' button
[2022-06-02 23:55:41,014] Register - Step 08: Verify register success messge is displayed
[2022-06-02 23:56:11,197] Login - Step 01: Navigate to Login page
[2022-06-02 23:57:39,507] Register - Step 01: Navigate to 'Register' page
[2022-06-02 23:57:40,112] Register - Step 02: Enter to Firstname textbox with value is 'Tran'
[2022-06-02 23:57:40,255] Register - Step 03: Enter to Lastname textbox with value is 'Tuyen'
[2022-06-02 23:57:40,369] Register - Step 04: Enter to Email textbox with value is 'tuyen48659@mail.vn'
[2022-06-02 23:57:40,502] Register - Step 05: Enter to Password textbox with value is '123456'
[2022-06-02 23:57:40,619] Register - Step 06: Enter to Confirm Password textbox with value is '123456'
[2022-06-02 23:57:40,725] Register - Step 07: Click to 'Register' button
[2022-06-02 23:57:40,840] Register - Step 08: Verify register success messge is displayed
[2022-06-02 23:58:11,072] Login - Step 01: Navigate to Login page
[2022-06-03 00:00:17,694] Register - Step 01: Navigate to 'Register' page
[2022-06-03 00:00:18,284] Register - Step 02: Enter to Firstname textbox with value is 'Tran'
[2022-06-03 00:00:18,441] Register - Step 03: Enter to Lastname textbox with value is 'Tuyen'
[2022-06-03 00:00:18,578] Register - Step 04: Enter to Email textbox with value is 'tuyen40382@mail.vn'
[2022-06-03 00:00:18,733] Register - Step 05: Enter to Password textbox with value is '123456'
[2022-06-03 00:00:18,858] Register - Step 06: Enter to Confirm Password textbox with value is '123456'
[2022-06-03 00:00:18,997] Register - Step 07: Click to 'Register' button
[2022-06-03 00:00:19,793] Register - Step 08: Verify register success messge is displayed
[2022-06-03 00:00:19,987] Login - Step 01: Navigate to Login page
[2022-06-03 00:00:21,273] Login - Step 02: Enter to Email textbox with value is 'tuyen40382@mail.vn'
[2022-06-03 00:00:21,414] Login - Step 03: Enter to Password textbox with value is '123456'
[2022-06-03 00:00:21,556] Login - Step 04: Click to 'Register' button
[2022-06-03 00:00:22,301] Login - Step 05: Verify 'My account' link is displayed
[2022-06-03 00:00:22,366]  -------------------------- PASSED -------------------------- 
[2022-06-03 00:00:22,367] Login - Step 06: Navigate to 'My account' page
[2022-06-03 00:00:22,909] Login - Step 07: Verify 'Customer Infor' page is displayed
[2022-06-03 00:00:22,974]  -------------------------- PASSED -------------------------- 
[2022-06-03 00:30:29,141] Register - Step 01: Navigate to 'Register' page
[2022-06-03 00:30:59,922] Login - Step 01: Navigate to Login page
[2022-06-03 00:31:27,720] Register - Step 01: Navigate to 'Register' page
[2022-06-03 00:31:28,441] Register - Step 02: Enter to Firstname textbox with value is 'Tran'
[2022-06-03 00:31:28,572] Register - Step 03: Enter to Lastname textbox with value is 'Tuyen'
[2022-06-03 00:31:58,840] Login - Step 01: Navigate to Login page
[2022-06-03 00:37:09,840] Register - Step 01: Navigate to 'Register' page
[2022-06-03 00:37:10,630] Register - Step 02: Enter to Firstname textbox with value is 'Tran'
[2022-06-03 00:37:10,804] Register - Step 03: Enter to Lastname textbox with value is 'Tuyen'
[2022-06-03 00:38:07,279] Register - Step 01: Navigate to 'Register' page
[2022-06-03 00:38:07,995] Register - Step 02: Enter to Firstname textbox with value is 'Tran'
[2022-06-03 00:38:08,122] Register - Step 03: Enter to Lastname textbox with value is 'Tuyen'
[2022-06-03 00:38:08,668] Register - Step 04: Enter to Email textbox with value is 'tuyen10411@mail.vn'
[2022-06-03 00:38:08,880] Register - Step 05: Enter to Password textbox with value is '123456'
[2022-06-03 00:38:09,003] Register - Step 06: Enter to Confirm Password textbox with value is '123456'
[2022-06-03 00:38:09,121] Register - Step 07: Click to 'Register' button
[2022-06-03 00:38:09,986] Register - Step 08: Verify register success messge is displayed
[2022-06-03 00:38:10,195] Login - Step 01: Navigate to Login page
[2022-06-03 00:38:11,451] Login - Step 02: Enter to Email textbox with value is 'tuyen10411@mail.vn'
[2022-06-03 00:38:11,578] Login - Step 03: Enter to Password textbox with value is '123456'
[2022-06-03 00:38:11,707] Login - Step 04: Click to 'Register' button
[2022-06-03 00:38:12,425] Login - Step 05: Verify 'My account' link is displayed
[2022-06-03 00:38:12,492]  -------------------------- PASSED -------------------------- 
[2022-06-03 00:38:12,492] Login - Step 06: Navigate to 'My account' page
[2022-06-03 00:38:13,036] Login - Step 07: Verify 'Customer Infor' page is displayed
[2022-06-03 00:38:13,093]  -------------------------- PASSED -------------------------- 
[2022-06-03 00:54:22,757] Register - Step 01: Navigate to 'Register' page
[2022-06-03 00:54:23,469] Register - Step 02: Enter to Firstname textbox with value is 'Tran'
[2022-06-03 00:54:23,621] Register - Step 03: Enter to Lastname textbox with value is 'Tuyen'
[2022-06-03 00:54:24,176] Register - Step 04: Enter to Email textbox with value is 'tuyen9553@mail.vn'
[2022-06-03 00:54:24,382] Register - Step 05: Enter to Password textbox with value is '123456'
[2022-06-03 00:54:24,504] Register - Step 06: Enter to Confirm Password textbox with value is '123456'
[2022-06-03 00:54:24,631] Register - Step 07: Click to 'Register' button
[2022-06-03 00:54:25,449] Register - Step 08: Verify register success messge is displayed
[2022-06-03 00:54:25,665] Login - Step 01: Navigate to Login page
[2022-06-03 00:54:26,912] Login - Step 02: Enter to Email textbox with value is 'tuyen9553@mail.vn'
[2022-06-03 00:54:27,036] Login - Step 03: Enter to Password textbox with value is '123456'
[2022-06-03 00:54:27,163] Login - Step 04: Click to 'Register' button
[2022-06-03 00:54:27,889] Login - Step 05: Verify 'My account' link is displayed
[2022-06-03 00:54:27,957]  -------------------------- PASSED -------------------------- 
[2022-06-03 00:54:27,957] Login - Step 06: Navigate to 'My account' page
[2022-06-03 00:54:28,490] Login - Step 07: Verify 'Customer Infor' page is displayed
[2022-06-03 00:54:28,546]  -------------------------- PASSED -------------------------- 
[2022-06-03 00:54:28,566] My Account - Step 01: Navigate to 'My Account' page
[2022-06-03 00:54:29,028] My Account - Step 02: Verify 'Customer Infor' page is displayed
[2022-06-03 00:54:29,093] My Account - Step 03: Verify 'Firt Name' value is correctly
[2022-06-03 00:54:29,149] My Account - Step 04: Verify 'Last Name' value is correctly
[2022-06-03 00:54:29,211] My Account - Step 05: Verify 'Email' value is correctly
[2022-06-09 00:40:47,419] Pre-Condition - Step 01: Navigate to Login page
[2022-06-09 00:40:47,975] Pre-Condition - Step 02: Set cookie and reload page
[2022-06-09 00:40:51,059] Pre-Condition - Step 03: Verify 'My account' link is displayed
[2022-06-09 00:40:51,524]  -------------------------- PASSED -------------------------- 
[2022-06-09 00:43:50,433] Login - Step 01: Navigate to Login page
[2022-06-09 00:43:50,964] Login - Step 02: Enter to Email textbox with value is 'tuyen48692@mail.vn'
[2022-06-09 00:43:51,093] Login - Step 03: Enter to Password textbox with value is '123456'
[2022-06-09 00:43:51,217] Login - Step 04: Click to 'Register' button
